<?xml version="1.0" encoding="UTF-8"?>
<testsuite xmlns:xsi="http://www.w3.org/2001/XMLSchema-instance" xsi:noNamespaceSchemaLocation="https://maven.apache.org/surefire/maven-surefire-plugin/xsd/surefire-test-report-3.0.xsd" version="3.0" name="ca.mcmaster.se2aa4.mazerunner.BFSMazeSolverTest" time="0.659" tests="10" errors="0" skipped="0" failures="0">
  <properties>
    <property name="java.specification.version" value="21"/>
    <property name="sun.jnu.encoding" value="UTF-8"/>
    <property name="java.class.path" value="/mnt/c/Andrew/McMaster/SFWRENG 2AA4/a3-maze-runner-take-two-Andrew-Habib/target/test-classes:/mnt/c/Andrew/McMaster/SFWRENG 2AA4/a3-maze-runner-take-two-Andrew-Habib/target/classes:/home/drew/.m2/repository/commons-cli/commons-cli/1.6.0/commons-cli-1.6.0.jar:/home/drew/.m2/repository/org/apache/logging/log4j/log4j-api/2.22.1/log4j-api-2.22.1.jar:/home/drew/.m2/repository/org/apache/logging/log4j/log4j-core/2.22.1/log4j-core-2.22.1.jar:/home/drew/.m2/repository/org/junit/jupiter/junit-jupiter-api/5.10.1/junit-jupiter-api-5.10.1.jar:/home/drew/.m2/repository/org/opentest4j/opentest4j/1.3.0/opentest4j-1.3.0.jar:/home/drew/.m2/repository/org/junit/platform/junit-platform-commons/1.10.1/junit-platform-commons-1.10.1.jar:/home/drew/.m2/repository/org/apiguardian/apiguardian-api/1.1.2/apiguardian-api-1.1.2.jar:/home/drew/.m2/repository/org/junit/jupiter/junit-jupiter-engine/5.10.1/junit-jupiter-engine-5.10.1.jar:/home/drew/.m2/repository/org/junit/platform/junit-platform-engine/1.10.1/junit-platform-engine-1.10.1.jar:"/>
    <property name="java.vm.vendor" value="Private Build"/>
    <property name="sun.arch.data.model" value="64"/>
    <property name="java.vendor.url" value="Unknown"/>
    <property name="user.timezone" value="America/Toronto"/>
    <property name="os.name" value="Linux"/>
    <property name="java.vm.specification.version" value="21"/>
    <property name="sun.java.launcher" value="SUN_STANDARD"/>
    <property name="sun.boot.library.path" value="/usr/lib/jvm/java-21-openjdk-amd64/lib"/>
    <property name="sun.java.command" value="/mnt/c/Andrew/McMaster/SFWRENG 2AA4/a3-maze-runner-take-two-Andrew-Habib/target/surefire/surefirebooter-20240410145023625_3.jar /mnt/c/Andrew/McMaster/SFWRENG 2AA4/a3-maze-runner-take-two-Andrew-Habib/target/surefire 2024-04-10T14-50-23_523-jvmRun1 surefire-20240410145023625_1tmp surefire_0-20240410145023625_2tmp"/>
    <property name="jdk.debug" value="release"/>
    <property name="surefire.test.class.path" value="/mnt/c/Andrew/McMaster/SFWRENG 2AA4/a3-maze-runner-take-two-Andrew-Habib/target/test-classes:/mnt/c/Andrew/McMaster/SFWRENG 2AA4/a3-maze-runner-take-two-Andrew-Habib/target/classes:/home/drew/.m2/repository/commons-cli/commons-cli/1.6.0/commons-cli-1.6.0.jar:/home/drew/.m2/repository/org/apache/logging/log4j/log4j-api/2.22.1/log4j-api-2.22.1.jar:/home/drew/.m2/repository/org/apache/logging/log4j/log4j-core/2.22.1/log4j-core-2.22.1.jar:/home/drew/.m2/repository/org/junit/jupiter/junit-jupiter-api/5.10.1/junit-jupiter-api-5.10.1.jar:/home/drew/.m2/repository/org/opentest4j/opentest4j/1.3.0/opentest4j-1.3.0.jar:/home/drew/.m2/repository/org/junit/platform/junit-platform-commons/1.10.1/junit-platform-commons-1.10.1.jar:/home/drew/.m2/repository/org/apiguardian/apiguardian-api/1.1.2/apiguardian-api-1.1.2.jar:/home/drew/.m2/repository/org/junit/jupiter/junit-jupiter-engine/5.10.1/junit-jupiter-engine-5.10.1.jar:/home/drew/.m2/repository/org/junit/platform/junit-platform-engine/1.10.1/junit-platform-engine-1.10.1.jar:"/>
    <property name="sun.cpu.endian" value="little"/>
    <property name="user.home" value="/home/drew"/>
    <property name="user.language" value="en"/>
    <property name="java.specification.vendor" value="Oracle Corporation"/>
    <property name="java.version.date" value="2023-10-17"/>
    <property name="java.home" value="/usr/lib/jvm/java-21-openjdk-amd64"/>
    <property name="file.separator" value="/"/>
    <property name="basedir" value="/mnt/c/Andrew/McMaster/SFWRENG 2AA4/a3-maze-runner-take-two-Andrew-Habib"/>
    <property name="java.vm.compressedOopsMode" value="Zero based"/>
    <property name="line.separator" value="&#10;"/>
    <property name="java.vm.specification.vendor" value="Oracle Corporation"/>
    <property name="java.specification.name" value="Java Platform API Specification"/>
    <property name="surefire.real.class.path" value="/mnt/c/Andrew/McMaster/SFWRENG 2AA4/a3-maze-runner-take-two-Andrew-Habib/target/surefire/surefirebooter-20240410145023625_3.jar"/>
    <property name="sun.management.compiler" value="HotSpot 64-Bit Tiered Compilers"/>
    <property name="java.runtime.version" value="21.0.1+12-Ubuntu-222.04"/>
    <property name="user.name" value="drew"/>
    <property name="stdout.encoding" value="UTF-8"/>
    <property name="path.separator" value=":"/>
    <property name="os.version" value="4.4.0-22621-Microsoft"/>
    <property name="java.runtime.name" value="OpenJDK Runtime Environment"/>
    <property name="file.encoding" value="UTF-8"/>
    <property name="java.vm.name" value="OpenJDK 64-Bit Server VM"/>
    <property name="localRepository" value="/home/drew/.m2/repository"/>
    <property name="java.vendor.url.bug" value="Unknown"/>
    <property name="java.io.tmpdir" value="/tmp"/>
    <property name="java.version" value="21.0.1"/>
    <property name="user.dir" value="/mnt/c/Andrew/McMaster/SFWRENG 2AA4/a3-maze-runner-take-two-Andrew-Habib"/>
    <property name="os.arch" value="amd64"/>
    <property name="java.vm.specification.name" value="Java Virtual Machine Specification"/>
    <property name="native.encoding" value="UTF-8"/>
    <property name="java.library.path" value="/usr/java/packages/lib:/usr/lib/x86_64-linux-gnu/jni:/lib/x86_64-linux-gnu:/usr/lib/x86_64-linux-gnu:/usr/lib/jni:/lib:/usr/lib"/>
    <property name="stderr.encoding" value="UTF-8"/>
    <property name="java.vm.info" value="mixed mode, sharing"/>
    <property name="java.vendor" value="Private Build"/>
    <property name="java.vm.version" value="21.0.1+12-Ubuntu-222.04"/>
    <property name="sun.io.unicode.encoding" value="UnicodeLittle"/>
    <property name="java.class.version" value="65.0"/>
  </properties>
  <testcase name="solverTinyBFS" classname="ca.mcmaster.se2aa4.mazerunner.BFSMazeSolverTest" time="0.072"/>
  <testcase name="solverLargeBFS" classname="ca.mcmaster.se2aa4.mazerunner.BFSMazeSolverTest" time="0.015"/>
  <testcase name="solverRectangleBFS" classname="ca.mcmaster.se2aa4.mazerunner.BFSMazeSolverTest" time="0.006"/>
  <testcase name="solverMediumBFS" classname="ca.mcmaster.se2aa4.mazerunner.BFSMazeSolverTest" time="0.006"/>
  <testcase name="solverSmallBFS" classname="ca.mcmaster.se2aa4.mazerunner.BFSMazeSolverTest" time="0.005"/>
  <testcase name="solverDirectBFS" classname="ca.mcmaster.se2aa4.mazerunner.BFSMazeSolverTest" time="0.006"/>
  <testcase name="solverRegularBFS" classname="ca.mcmaster.se2aa4.mazerunner.BFSMazeSolverTest" time="0.008"/>
  <testcase name="solverHugeBFS" classname="ca.mcmaster.se2aa4.mazerunner.BFSMazeSolverTest" time="0.019"/>
  <testcase name="solverGiantBFS" classname="ca.mcmaster.se2aa4.mazerunner.BFSMazeSolverTest" time="0.023"/>
  <testcase name="solverStraightBFS" classname="ca.mcmaster.se2aa4.mazerunner.BFSMazeSolverTest" time="0.005"/>
</testsuite>